<?xml version="1.0" encoding="UTF-8"?>
<!-- Generated by org.testng.reporters.JUnitReportReporter -->
<testsuite skipped="0" hostname="Talehs-MBP.attlocal.net" name="deckofcardsapi.DrawCardsTest" tests="1" failures="0" timestamp="2020-12-04T13:13:36 EST" time="1.155" errors="0">
  <testcase name="drawFourCards" time="1.155" classname="deckofcardsapi.DrawCardsTest"/>
  <system-out/>
</testsuite> <!-- deckofcardsapi.DrawCardsTest -->
