<?xml version="1.0" encoding="UTF-8"?>
<!-- Generated by org.testng.reporters.JUnitReportReporter -->
<testsuite skipped="0" hostname="Talehs-MBP.attlocal.net" name="deckofcardsapi.NewDeckofCardsTest" tests="2" failures="0" timestamp="2020-12-04T13:13:36 EST" time="3.272" errors="0">
  <testcase name="addNewDeckJokers" time="2.792" classname="deckofcardsapi.NewDeckofCardsTest"/>
  <system-out/>
  <testcase name="createNewDeck" time="0.480" classname="deckofcardsapi.NewDeckofCardsTest"/>
  <system-out/>
</testsuite> <!-- deckofcardsapi.NewDeckofCardsTest -->
